# JRE version: OpenJDK Runtime Environment (17.0.9) (build 17.0.9+0--11185874)
# Java VM: OpenJDK 64-Bit Server VM (17.0.9+0--11185874, mixed mode, tiered, compressed oops, compressed class ptrs, g1 gc, windows-amd64)
GC Precious Log:
 CPUs: 8 total, 8 available
 Memory: 16236M
 Large Page Support: Disabled
 NUMA Support: Disabled
 Compressed Oops: Enabled (Zero based)
 Heap Region Size: 2M
 Heap Min Capacity: 8M
 Heap Initial Capacity: 254M
 Heap Max Capacity: 4060M
 Pre-touch: Disabled
 Parallel Workers: 8
 Concurrent Workers: 2
 Concurrent Refinement Workers: 8
 Periodic GC: Disabled
Heap:
 garbage-first heap   total 110592K, used 55889K [0x0000000702400000, 0x0000000800000000)
  region size 2048K, 2 young (4096K), 2 survivors (4096K)
 Metaspace       used 63398K, committed 63680K, reserved 1114112K
  class space    used 7306K, committed 7424K, reserved 1048576K
GC Heap History (20 events):
Event: 2.540 GC heap after
{Heap after GC invocations=8 (full 0):
 garbage-first heap   total 151552K, used 17768K [0x0000000702400000, 0x0000000800000000)
  region size 2048K, 1 young (2048K), 1 survivors (2048K)
 Metaspace       used 35782K, committed 35968K, reserved 1114112K
  class space    used 4556K, committed 4672K, reserved 1048576K
}
Event: 3.381 GC heap before
{Heap before GC invocations=9 (full 0):
 garbage-first heap   total 75776K, used 60776K [0x0000000702400000, 0x0000000800000000)
  region size 2048K, 23 young (47104K), 1 survivors (2048K)
 Metaspace       used 45463K, committed 45696K, reserved 1114112K
  class space    used 5557K, committed 5632K, reserved 1048576K
}
Event: 3.391 GC heap after
{Heap after GC invocations=10 (full 0):
 garbage-first heap   total 75776K, used 21516K [0x0000000702400000, 0x0000000800000000)
  region size 2048K, 3 young (6144K), 3 survivors (6144K)
 Metaspace       used 45463K, committed 45696K, reserved 1114112K
  class space    used 5557K, committed 5632K, reserved 1048576K
}
Event: 3.963 GC heap before
{Heap before GC invocations=10 (full 0):
 garbage-first heap   total 75776K, used 54284K [0x0000000702400000, 0x0000000800000000)
  region size 2048K, 18 young (36864K), 3 survivors (6144K)
 Metaspace       used 50817K, committed 51136K, reserved 1114112K
  class space    used 6178K, committed 6272K, reserved 1048576K
}
Event: 3.974 GC heap after
{Heap after GC invocations=11 (full 0):
 garbage-first heap   total 75776K, used 28528K [0x0000000702400000, 0x0000000800000000)
  region size 2048K, 3 young (6144K), 3 survivors (6144K)
 Metaspace       used 50817K, committed 51136K, reserved 1114112K
  class space    used 6178K, committed 6272K, reserved 1048576K
}
Event: 4.111 GC heap before
{Heap before GC invocations=11 (full 0):
 garbage-first heap   total 75776K, used 53104K [0x0000000702400000, 0x0000000800000000)
  region size 2048K, 15 young (30720K), 3 survivors (6144K)
 Metaspace       used 51037K, committed 51264K, reserved 1114112K
  class space    used 6181K, committed 6272K, reserved 1048576K
}
Event: 4.126 GC heap after
{Heap after GC invocations=12 (full 0):
 garbage-first heap   total 75776K, used 33499K [0x0000000702400000, 0x0000000800000000)
  region size 2048K, 2 young (4096K), 2 survivors (4096K)
 Metaspace       used 51037K, committed 51264K, reserved 1114112K
  class space    used 6181K, committed 6272K, reserved 1048576K
}
Event: 4.418 GC heap before
{Heap before GC invocations=12 (full 0):
 garbage-first heap   total 75776K, used 51931K [0x0000000702400000, 0x0000000800000000)
  region size 2048K, 12 young (24576K), 2 survivors (4096K)
 Metaspace       used 51924K, committed 52160K, reserved 1114112K
  class space    used 6243K, committed 6336K, reserved 1048576K
}
Event: 4.432 GC heap after
{Heap after GC invocations=13 (full 0):
 garbage-first heap   total 75776K, used 36911K [0x0000000702400000, 0x0000000800000000)
  region size 2048K, 2 young (4096K), 2 survivors (4096K)
 Metaspace       used 51924K, committed 52160K, reserved 1114112K
  class space    used 6243K, committed 6336K, reserved 1048576K
}
Event: 4.912 GC heap before
{Heap before GC invocations=13 (full 0):
 garbage-first heap   total 75776K, used 55343K [0x0000000702400000, 0x0000000800000000)
  region size 2048K, 11 young (22528K), 2 survivors (4096K)
 Metaspace       used 52908K, committed 53184K, reserved 1114112K
  class space    used 6283K, committed 6400K, reserved 1048576K
}
Event: 4.926 GC heap after
{Heap after GC invocations=14 (full 0):
 garbage-first heap   total 110592K, used 40522K [0x0000000702400000, 0x0000000800000000)
  region size 2048K, 2 young (4096K), 2 survivors (4096K)
 Metaspace       used 52908K, committed 53184K, reserved 1114112K
  class space    used 6283K, committed 6400K, reserved 1048576K
}
Event: 5.551 GC heap before
{Heap before GC invocations=15 (full 0):
 garbage-first heap   total 110592K, used 79434K [0x0000000702400000, 0x0000000800000000)
  region size 2048K, 21 young (43008K), 2 survivors (4096K)
 Metaspace       used 54996K, committed 55168K, reserved 1114112K
  class space    used 6528K, committed 6592K, reserved 1048576K
}
Event: 5.574 GC heap after
{Heap after GC invocations=16 (full 0):
 garbage-first heap   total 110592K, used 44809K [0x0000000702400000, 0x0000000800000000)
  region size 2048K, 3 young (6144K), 3 survivors (6144K)
 Metaspace       used 54996K, committed 55168K, reserved 1114112K
  class space    used 6528K, committed 6592K, reserved 1048576K
}
Event: 5.604 GC heap before
{Heap before GC invocations=16 (full 0):
 garbage-first heap   total 110592K, used 46857K [0x0000000702400000, 0x0000000800000000)
  region size 2048K, 4 young (8192K), 3 survivors (6144K)
 Metaspace       used 55095K, committed 55360K, reserved 1114112K
  class space    used 6537K, committed 6656K, reserved 1048576K
}
Event: 5.615 GC heap after
{Heap after GC invocations=17 (full 0):
 garbage-first heap   total 110592K, used 43599K [0x0000000702400000, 0x0000000800000000)
  region size 2048K, 1 young (2048K), 1 survivors (2048K)
 Metaspace       used 55095K, committed 55360K, reserved 1114112K
  class space    used 6537K, committed 6656K, reserved 1048576K
}
Event: 6.301 GC heap before
{Heap before GC invocations=17 (full 0):
 garbage-first heap   total 110592K, used 80463K [0x0000000702400000, 0x0000000800000000)
  region size 2048K, 19 young (38912K), 1 survivors (2048K)
 Metaspace       used 57162K, committed 57344K, reserved 1114112K
  class space    used 6747K, committed 6848K, reserved 1048576K
}
Event: 6.315 GC heap after
{Heap after GC invocations=18 (full 0):
 garbage-first heap   total 110592K, used 48935K [0x0000000702400000, 0x0000000800000000)
  region size 2048K, 3 young (6144K), 3 survivors (6144K)
 Metaspace       used 57162K, committed 57344K, reserved 1114112K
  class space    used 6747K, committed 6848K, reserved 1048576K
}
Event: 7.039 GC heap before
{Heap before GC invocations=18 (full 0):
 garbage-first heap   total 110592K, used 79655K [0x0000000702400000, 0x0000000800000000)
  region size 2048K, 19 young (38912K), 3 survivors (6144K)
 Metaspace       used 58404K, committed 58624K, reserved 1114112K
  class space    used 6815K, committed 6912K, reserved 1048576K
}
Event: 7.057 GC heap after
{Heap after GC invocations=19 (full 0):
 garbage-first heap   total 110592K, used 53449K [0x0000000702400000, 0x0000000800000000)
  region size 2048K, 3 young (6144K), 3 survivors (6144K)
 Metaspace       used 58404K, committed 58624K, reserved 1114112K
  class space    used 6815K, committed 6912K, reserved 1048576K
}
Event: 7.731 GC heap before
{Heap before GC invocations=19 (full 0):
 garbage-first heap   total 110592K, used 80073K [0x0000000702400000, 0x0000000800000000)
  region size 2048K, 17 young (34816K), 3 survivors (6144K)
 Metaspace       used 63398K, committed 63680K, reserved 1114112K
  class space    used 7306K, committed 7424K, reserved 1048576K
}

